\BOOKMARK [0][-]{part.1}{\376\377\000I\000\040\004\043\004\100\004\060\004\062\004\075\004\065\004\075\004\070\004\117\000\040\004\077\004\065\004\100\004\062\004\076\004\063\004\076\000\040\004\077\004\076\004\100\004\117\004\064\004\072\004\060}{}% 1
\BOOKMARK [1][-]{section.1}{\376\377\004\036\004\101\004\075\004\076\004\062\004\075\004\113\004\065\000\040\004\076\004\077\004\100\004\065\004\064\004\065\004\073\004\065\004\075\004\070\004\117}{part.1}% 2
\BOOKMARK [1][-]{section.2}{\376\377\004\043\004\100\004\060\004\062\004\075\004\065\004\075\004\070\004\065\000\040\004\062\000\040\004\075\004\076\004\100\004\074\004\060\004\073\004\114\004\075\004\076\004\071\000\040\004\104\004\076\004\100\004\074\004\065}{part.1}% 3
\BOOKMARK [1][-]{section.3}{\376\377\004\033\004\043\000\040\0001\000-\004\076\004\063\004\076\000\040\004\077\004\076\004\100\004\117\004\064\004\072\004\060}{part.1}% 4
\BOOKMARK [1][-]{section.4}{\376\377\004\021\004\065\004\100\004\075\004\103\004\073\004\073\004\070\000\040\004\070\000\040\004\040\004\070\004\072\004\060\004\102\004\102\004\070}{part.1}% 5
\BOOKMARK [1][-]{section.5}{\376\377\004\043\004\037\004\024}{part.1}% 6
\BOOKMARK [0][-]{part.2}{\376\377\000I\000I\000\040\004\043\004\100\004\060\004\062\004\075\004\065\004\075\004\070\004\117\000,\000\040\004\075\004\065\000\040\004\100\004\060\004\067\004\100\004\065\004\110\004\070\004\074\004\113\004\065\000\040\004\076\004\102\004\075\004\076\004\101\004\070\004\102\004\065\004\073\004\114\004\075\004\076\000\040\004\077\004\100\004\076\004\070\004\067\004\076\004\064\004\075\004\076\004\071}{}% 7
\BOOKMARK [1][-]{section.6}{\376\377\004\040\004\060\004\067\004\100\004\065\004\110\004\070\004\074\004\113\004\065\000\040\004\103\004\100\004\060\004\062\004\075\004\065\004\075\004\070\004\117}{part.2}% 8
\BOOKMARK [1][-]{section.7}{\376\377\004\034\004\065\004\102\004\076\004\064\000\040\004\062\004\062\004\065\004\064\004\065\004\075\004\070\004\117\000\040\004\077\004\060\004\100\004\060\004\074\004\065\004\102\004\100\004\060}{part.2}% 9
\BOOKMARK [1][-]{section.8}{\376\377\004\027\004\060\004\064\004\060\004\107\004\060\000\040\004\032\004\076\004\110\004\070}{part.2}% 10
\BOOKMARK [0][-]{part.3}{\376\377\000I\000I\000I\000\040\004\041\004\070\004\101\004\102\004\065\004\074\004\113\000\040\004\064\004\070\004\104\004\104\004\065\004\100\004\065\004\075\004\106\004\070\004\060\004\073\004\114\004\075\004\113\004\105\000\040\004\103\004\100\004\060\004\062\004\075\004\065\004\075\004\070\004\071}{}% 11
\BOOKMARK [1][-]{section.9}{}{part.3}% 12
\BOOKMARK [1][-]{section.10}{\376\377\004\022\004\101\004\077\004\076\004\074\004\076\004\063\004\060\004\102\004\065\004\073\004\114\004\075\004\113\004\065\000\040}{part.3}% 13
\BOOKMARK [1][-]{section.11}{\376\377\004\041\004\103\004\111\004\065\004\101\004\102\004\062\004\076\004\062\004\060\004\075\004\070\004\065\000\040\004\070\000\040\004\065\004\064\004\070\004\075\004\101\004\102\004\062\004\065\004\075\004\075\004\076\004\101\004\102\004\114}{part.3}% 14
\BOOKMARK [1][-]{section.12}{\376\377\004\037\004\100\004\076\004\064\004\076\004\073\004\066\004\065\004\075\004\070\004\065\000\040\004\100\004\065\004\110\004\065\004\075\004\070\004\071}{part.3}% 15
\BOOKMARK [0][-]{part.4}{\376\377\000I\000V\000\040\004\033\004\070\004\075\004\065\004\071\004\075\004\113\004\065\000\040\004\101\004\070\004\101\004\102\004\065\004\074\004\113\000\040\004\064\004\070\004\104\004\104\004\065\004\100\004\065\004\075\004\106\004\070\004\060\004\073\004\114\004\075\004\113\004\105\000\040\004\103\004\100\004\060\004\062\004\075\004\065\004\075\004\070\004\071}{}% 16
\BOOKMARK [1][-]{section.13}{\376\377\004\033\004\070\004\075\004\065\004\071\004\075\004\060\004\117\000\040\004\101\004\070\004\101\004\102\004\065\004\074\004\060\000\040\004\070\000\040\004\065\004\065\000\040\004\100\004\065\004\110\004\065\004\075\004\070\004\117}{part.4}% 17
\BOOKMARK [1][-]{section.14}{}{part.4}% 18
\BOOKMARK [1][-]{section.15}{\376\377\004\033\004\036\004\041\000\040\004\101\000\040\004\077\004\076\004\101\004\102\004\076\004\117\004\075\004\075\004\113\004\074\004\070\000\040\004\072\004\076\004\115\004\104\004\104\004\070\004\106\004\070\004\065\004\075\004\102\004\060\004\074\004\070}{part.4}% 19
\BOOKMARK [1][-]{section.16}{\376\377\004\035\004\065\004\076\004\064\004\075\004\076\004\100\004\076\004\064\004\075\004\113\004\065\000\040\004\073\004\070\004\075\004\065\004\071\004\075\004\113\004\065\000\040\004\101\004\070\004\101\004\102\004\065\004\074\004\113}{part.4}% 20
\BOOKMARK [1][-]{section.17}{\376\377\004\034\004\060\004\102\004\100\004\070\004\107\004\075\004\060\004\117\000\040\004\115\004\072\004\101\004\077\004\076\004\075\004\065\004\075\004\102\004\060}{part.4}% 21
\BOOKMARK [0][-]{part.5}{\376\377\000V\000\040\004\033\004\070\004\075\004\065\004\071\004\075\004\113\004\065\000\040\004\103\004\100\004\060\004\062\004\075\004\065\004\075\004\070\004\117}{}% 22
\BOOKMARK [1][-]{section.18}{\376\377\000t\000i\000t\000l\000e}{part.5}% 23
\BOOKMARK [1][-]{section.19}{\376\377\004\033\004\070\004\075\004\065\004\071\004\075\004\076\004\065\000\040\004\103\004\100\004\060\004\062\004\075\004\065\004\075\004\070\004\065\000\040\004\101\000\040\004\077\004\076\004\101\004\102\004\076\004\117\004\075\004\075\004\113\004\074\004\070\000\040\004\072\004\076\004\115\004\104\004\104\004\070\004\106\004\070\004\065\004\075\004\102\004\060\004\074\004\070}{part.5}% 24
\BOOKMARK [0][-]{part.6}{\376\377\000V\000I\000\040\004\042\004\065\004\076\004\100\004\070\004\117\000\040\004\103\004\101\004\102\004\076\004\071\004\107\004\070\004\062\004\076\004\101\004\102\004\070}{}% 25
\BOOKMARK [1][-]{section.20}{\376\377\004\020\004\062\004\102\004\076\004\075\004\076\004\074\004\075\004\113\004\065\000\040\004\101\004\070\004\101\004\102\004\065\004\074\004\113}{part.6}% 26
\BOOKMARK [1][-]{section.21}{\376\377\004\037\004\076\004\075\004\117\004\102\004\070\004\117\000\040\004\103\004\101\004\102\004\076\004\071\004\107\004\070\004\062\004\076\004\101\004\102\004\070}{part.6}% 27
\BOOKMARK [1][-]{section.22}{\376\377\004\043\004\101\004\102\004\076\004\071\004\107\004\070\004\062\004\076\004\101\004\102\004\114\000\040\004\073\004\070\004\075\004\065\004\071\004\075\004\076\004\071\000\040\004\101\004\070\004\101\004\102\004\065\004\074\004\113}{part.6}% 28
\BOOKMARK [1][-]{section.23}{\376\377\004\042\004\065\004\076\004\100\004\065\004\074\004\060\000\040\004\047\004\065\004\102\004\060\004\065\004\062\004\060}{part.6}% 29
\BOOKMARK [1][-]{section.24}{\376\377\004\037\004\100\004\065\004\064\004\065\004\073\004\114\004\075\004\113\004\065\000\040\004\106\004\070\004\072\004\073\004\113}{part.6}% 30
\BOOKMARK [0][-]{part.7}{\376\377\000V\000I\000I\000\040\004\037\004\100\004\065\004\076\004\061\004\100\004\060\004\067\004\076\004\062\004\060\004\075\004\070\004\065\000\040\004\044\004\103\004\100\004\114\000e}{}% 31
\BOOKMARK [1][-]{section.25}{\376\377\004\037\004\100\004\065\004\064\004\062\004\060\004\100\004\070\004\102\004\065\004\073\004\114\004\075\004\113\004\065\000\040\004\101\004\062\004\065\004\064\004\065\004\075\004\070\004\117}{part.7}% 32
\BOOKMARK [1][-]{section.26}{\376\377\004\037\004\100\004\076\004\101\004\102\004\100\004\060\004\075\004\101\004\102\004\062\004\076\000\040\004\050\004\062\004\060\004\100\004\106\004\060}{part.7}% 33
\BOOKMARK [1][-]{section.27}{\376\377\0001\0002\000.\0000\0005\000.\0002\0000\0002\0003}{part.7}% 34
