This is pdfTeX, Version 3.141592653-2.6-1.40.22 (TeX Live 2022/dev/Debian) (preloaded format=latex 2022.9.30)  6 MAR 2023 15:35
entering extended mode
 restricted \write18 enabled.
 %&-line parsing enabled.
**\makeatletter\def\HCode{\futurelet\HCode\HChar}\def\HChar{\ifx"\HCode\def\HCo
de"##1"{\Link##1}\expandafter\HCode\else\expandafter\Link\fi}\def\Link#1.a.b.c.
{\g@addto@macro\@documentclasshook{\RequirePackage[#1,html]{tex4ht}}\let\HCode\
documentstyle\def\documentstyle{\let\documentstyle\HCode\expandafter\def\csname
 tex4ht\endcsname{#1,html}\def\HCode####1{\documentstyle[tex4ht,}\@ifnextchar[{
\HCode}{\documentstyle[tex4ht]}}}\makeatother\HCode .a.b.c.\input  --h

! Emergency stop.
<*> ...ht]}}}\makeatother\HCode .a.b.c.\input  --h
                                                  
End of file on the terminal!

 
Here is how much of TeX's memory you used:
 17 strings out of 479722
 383 string characters out of 5887723
 284859 words of memory out of 5000000
 18076 multiletter control sequences out of 15000+600000
 469259 words of font info for 28 fonts, out of 8000000 for 9000
 430 hyphenation exceptions out of 8191
 12i,0n,12p,494b,10s stack positions out of 5000i,500n,10000p,200000b,80000s
No pages of output.
